0 info it worked if it ends with ok
1 verbose cli [ 'node', '/usr/local/bin/npm', 'publish' ]
2 info using npm@2.1.8
3 info using node@v0.10.33
4 verbose node symlink /usr/local/bin/node
5 verbose publish [ '.' ]
6 silly cache add args [ '.', null ]
7 verbose cache add spec .
8 silly cache add parsed spec { raw: '.',
8 silly cache add   scope: null,
8 silly cache add   name: null,
8 silly cache add   rawSpec: '.',
8 silly cache add   spec: '/Users/jhitchco/sites/react-scaffold',
8 silly cache add   type: 'directory' }
9 verbose tar pack [ '/Users/jhitchco/.npm/react-scaffold/0.0.4/package.tgz',
9 verbose tar pack   '/Users/jhitchco/sites/react-scaffold' ]
10 verbose tarball /Users/jhitchco/.npm/react-scaffold/0.0.4/package.tgz
11 verbose folder /Users/jhitchco/sites/react-scaffold
12 info prepublish react-scaffold@0.0.4
13 verbose addLocalTarball adding from inside cache /Users/jhitchco/.npm/react-scaffold/0.0.4/package.tgz
14 silly cache afterAdd react-scaffold@0.0.4
15 verbose afterAdd /Users/jhitchco/.npm/react-scaffold/0.0.4/package/package.json not in flight; writing
16 verbose afterAdd /Users/jhitchco/.npm/react-scaffold/0.0.4/package/package.json written
17 silly publish { name: 'react-scaffold',
17 silly publish   version: '0.0.4',
17 silly publish   description: 'An npm module to create quick react components',
17 silly publish   main: 'index.js',
17 silly publish   bin: { 'react-scaffold': 'index.js' },
17 silly publish   scripts: { test: 'echo "Error: no test specified" && exit 1' },
17 silly publish   repository:
17 silly publish    { type: 'git',
17 silly publish      url: 'https://github.com/fender-guy/react-scaffold.git' },
17 silly publish   keywords: [ 'react', 'component', 'scaffold' ],
17 silly publish   author:
17 silly publish    { name: 'Jeremy Hitchcock',
17 silly publish      email: 'whatthefuture@gmail.com',
17 silly publish      url: 'https://github.com/fender-guy' },
17 silly publish   license: 'ISC',
17 silly publish   bugs: { url: 'https://github.com/fender-guy/react-scaffold/issues' },
17 silly publish   homepage: 'https://github.com/fender-guy/react-scaffold',
17 silly publish   dependencies: { mkdirp: '^0.5.0', prompt: '^0.2.14' },
17 silly publish   readme: '# react-scaffold\nAn npm module to make quick react components.\n\nInstall with\n\n```\nnpm install -g react-scaffold \n```\n\nthen navigate to the directory you want a new react component and type\n\n```\nreact-scaffold \n```\n\nGive your component a name and a new file will be created with a style directory and less file with the same name. \n',
17 silly publish   readmeFilename: 'README.md',
17 silly publish   gitHead: '311d5118d06d72c52678d9647b7e87d5d1f66015',
17 silly publish   _id: 'react-scaffold@0.0.4',
17 silly publish   _shasum: 'e79e4fc9c045117a35f52906b1574341e6fb480d',
17 silly publish   _from: '.' }
18 silly mapToRegistry name react-scaffold
19 silly mapToRegistry using default registry
20 silly mapToRegistry registry https://registry.npmjs.org/
21 silly mapToRegistry uri https://registry.npmjs.org/react-scaffold
22 verbose publish registryBase https://registry.npmjs.org/
23 silly publish uploading /Users/jhitchco/.npm/react-scaffold/0.0.4/package.tgz
24 verbose request uri https://registry.npmjs.org/react-scaffold
25 verbose request sending authorization for write operation
26 info attempt registry request try #1 at 16:35:23
27 verbose request id 5a069b41bf4dd423
28 http request PUT https://registry.npmjs.org/react-scaffold
29 http 403 https://registry.npmjs.org/react-scaffold
30 verbose headers { date: 'Thu, 05 Mar 2015 21:35:24 GMT',
30 verbose headers   server: 'CouchDB/1.5.0 (Erlang OTP/R16B03)',
30 verbose headers   'content-type': 'application/json',
30 verbose headers   'cache-control': 'max-age=60',
30 verbose headers   'content-length': '3115',
30 verbose headers   'accept-ranges': 'bytes',
30 verbose headers   via: '1.1 varnish',
30 verbose headers   'x-served-by': 'cache-iad2123-IAD',
30 verbose headers   'x-cache': 'MISS',
30 verbose headers   'x-cache-hits': '0',
30 verbose headers   'x-timer': 'S1425591323.978531,VS0,VE326',
30 verbose headers   'keep-alive': 'timeout=10, max=50',
30 verbose headers   connection: 'Keep-Alive' }
31 verbose request invalidating /Users/jhitchco/.npm/registry.npmjs.org/react-scaffold on PUT
32 error publish Failed PUT 403
33 verbose stack Error: forbidden cannot modify pre-existing version: 0.0.4
33 verbose stack old={"name":"react-scaffold","version":"0.0.4","description":"An npm module to create quick react components","main":"index.js","bin":{"react-scaffold":"index.js"},"scripts":{"test":"echo \"Error: no test specified\" && exit 1"},"repository":{"type":"git","url":"https://github.com/fender-guy/react-scaffold.git"},"keywords":["react","component","scaffold"],"author":{"name":"Jeremy Hitchcock","email":"whatthefuture@gmail.com","url":"https://github.com/fender-guy"},"license":"ISC","bugs":{"url":"https://github.com/fender-guy/react-scaffold/issues"},"homepage":"https://github.com/fender-guy/react-scaffold","dependencies":{"mkdirp":"^0.5.0","prompt":"^0.2.14"},"gitHead":"076ed851f40480ad88a493a017c286a592c2de57","_id":"react-scaffold@0.0.4","_shasum":"220ba99865667d5f8f55c780a78fc568e0431dfd","_from":".","_npmVersion":"2.1.8","_nodeVersion":"0.10.33","_npmUser":{"name":"fender-guy","email":"whatthefuture@gmail.com"},"maintainers":[{"name":"fender-guy","email":"whatthefuture@gmail.com"}],"dist":{"shasum":"220ba99865667d5f8f55c780a78fc568e0431dfd","tarball":"http://registry.npmjs.org/react-scaffold/-/react-scaffold-0.0.4.tgz"}}
33 verbose stack new={"name":"react-scaffold","version":"0.0.4","description":"An npm module to create quick react components","main":"index.js","bin":{"react-scaffold":"index.js"},"scripts":{"test":"echo \"Error: no test specified\" && exit 1"},"repository":{"type":"git","url":"https://github.com/fender-guy/react-scaffold.git"},"keywords":["react","component","scaffold"],"author":{"name":"Jeremy Hitchcock","email":"whatthefuture@gmail.com","url":"https://github.com/fender-guy"},"license":"ISC","bugs":{"url":"https://github.com/fender-guy/react-scaffold/issues"},"homepage":"https://github.com/fender-guy/react-scaffold","dependencies":{"mkdirp":"^0.5.0","prompt":"^0.2.14"},"readme":"# react-scaffold\u000aAn npm module to make quick react components.\u000a\u000aInstall with\u000a\u000a```\u000anpm install -g react-scaffold \u000a```\u000a\u000athen navigate to the directory you want a new react component and type\u000a\u000a```\u000areact-scaffold \u000a```\u000a\u000aGive your component a name and a new file will be created with a style directory and less file with the same name. \u000a","readmeFilename":"README.md","gitHead":"311d5118d06d72c52678d9647b7e87d5d1f66015","_id":"react-scaffold@0.0.4","_shasum":"e79e4fc9c045117a35f52906b1574341e6fb480d","_from":".","_npmVersion":"2.1.8","_nodeVersion":"0.10.33","_npmUser":{"name":"fender-guy","email":"whatthefuture@gmail.com"},"maintainers":[{"name":"fender-guy","email":"whatthefuture@gmail.com"}],"dist":{"shasum":"e79e4fc9c045117a35f52906b1574341e6fb480d","tarball":"http://registry.npmjs.org/react-scaffold/-/react-scaffold-0.0.4.tgz"}}: react-scaffold
33 verbose stack     at CachingRegistryClient.<anonymous> (/usr/local/lib/node_modules/npm/node_modules/npm-registry-client/lib/request.js:234:14)
33 verbose stack     at Request._callback (/usr/local/lib/node_modules/npm/node_modules/npm-registry-client/lib/request.js:172:14)
33 verbose stack     at Request.self.callback (/usr/local/lib/node_modules/npm/node_modules/request/request.js:372:22)
33 verbose stack     at Request.emit (events.js:98:17)
33 verbose stack     at Request.<anonymous> (/usr/local/lib/node_modules/npm/node_modules/request/request.js:1310:14)
33 verbose stack     at Request.emit (events.js:117:20)
33 verbose stack     at IncomingMessage.<anonymous> (/usr/local/lib/node_modules/npm/node_modules/request/request.js:1258:12)
33 verbose stack     at IncomingMessage.emit (events.js:117:20)
33 verbose stack     at _stream_readable.js:943:16
33 verbose stack     at process._tickCallback (node.js:419:13)
34 verbose statusCode 403
35 verbose pkgid react-scaffold
36 verbose cwd /Users/jhitchco/sites/react-scaffold
37 error Darwin 13.4.0
38 error argv "node" "/usr/local/bin/npm" "publish"
39 error node v0.10.33
40 error npm  v2.1.8
41 error code E403
42 error forbidden cannot modify pre-existing version: 0.0.4
42 error old={"name":"react-scaffold","version":"0.0.4","description":"An npm module to create quick react components","main":"index.js","bin":{"react-scaffold":"index.js"},"scripts":{"test":"echo \"Error: no test specified\" && exit 1"},"repository":{"type":"git","url":"https://github.com/fender-guy/react-scaffold.git"},"keywords":["react","component","scaffold"],"author":{"name":"Jeremy Hitchcock","email":"whatthefuture@gmail.com","url":"https://github.com/fender-guy"},"license":"ISC","bugs":{"url":"https://github.com/fender-guy/react-scaffold/issues"},"homepage":"https://github.com/fender-guy/react-scaffold","dependencies":{"mkdirp":"^0.5.0","prompt":"^0.2.14"},"gitHead":"076ed851f40480ad88a493a017c286a592c2de57","_id":"react-scaffold@0.0.4","_shasum":"220ba99865667d5f8f55c780a78fc568e0431dfd","_from":".","_npmVersion":"2.1.8","_nodeVersion":"0.10.33","_npmUser":{"name":"fender-guy","email":"whatthefuture@gmail.com"},"maintainers":[{"name":"fender-guy","email":"whatthefuture@gmail.com"}],"dist":{"shasum":"220ba99865667d5f8f55c780a78fc568e0431dfd","tarball":"http://registry.npmjs.org/react-scaffold/-/react-scaffold-0.0.4.tgz"}}
42 error new={"name":"react-scaffold","version":"0.0.4","description":"An npm module to create quick react components","main":"index.js","bin":{"react-scaffold":"index.js"},"scripts":{"test":"echo \"Error: no test specified\" && exit 1"},"repository":{"type":"git","url":"https://github.com/fender-guy/react-scaffold.git"},"keywords":["react","component","scaffold"],"author":{"name":"Jeremy Hitchcock","email":"whatthefuture@gmail.com","url":"https://github.com/fender-guy"},"license":"ISC","bugs":{"url":"https://github.com/fender-guy/react-scaffold/issues"},"homepage":"https://github.com/fender-guy/react-scaffold","dependencies":{"mkdirp":"^0.5.0","prompt":"^0.2.14"},"readme":"# react-scaffold\u000aAn npm module to make quick react components.\u000a\u000aInstall with\u000a\u000a```\u000anpm install -g react-scaffold \u000a```\u000a\u000athen navigate to the directory you want a new react component and type\u000a\u000a```\u000areact-scaffold \u000a```\u000a\u000aGive your component a name and a new file will be created with a style directory and less file with the same name. \u000a","readmeFilename":"README.md","gitHead":"311d5118d06d72c52678d9647b7e87d5d1f66015","_id":"react-scaffold@0.0.4","_shasum":"e79e4fc9c045117a35f52906b1574341e6fb480d","_from":".","_npmVersion":"2.1.8","_nodeVersion":"0.10.33","_npmUser":{"name":"fender-guy","email":"whatthefuture@gmail.com"},"maintainers":[{"name":"fender-guy","email":"whatthefuture@gmail.com"}],"dist":{"shasum":"e79e4fc9c045117a35f52906b1574341e6fb480d","tarball":"http://registry.npmjs.org/react-scaffold/-/react-scaffold-0.0.4.tgz"}}: react-scaffold
43 error If you need help, you may report this error at:
43 error     <http://github.com/npm/npm/issues>
44 verbose exit [ 1, true ]
